[16:50:50] [ServerMain/INFO]: Environment: authHost='https://authserver.mojang.com', accountsHost='https://api.mojang.com', sessionHost='https://sessionserver.mojang.com', servicesHost='https://api.minecraftservices.com', name='PROD'
[16:50:50] [ServerMain/INFO]: Loaded 7 recipes
[16:50:51] [Server thread/INFO]: Starting minecraft server version 1.20.1
[16:50:51] [Server thread/INFO]: Loading properties
[16:50:51] [Server thread/INFO]: This server is running Paper version git-Paper-196 (MC: 1.20.1) (Implementing API version 1.20.1-R0.1-SNAPSHOT) (Git: 773dd72)
[16:50:51] [Server thread/INFO]: Server Ping Player Sample Count: 12
[16:50:51] [Server thread/INFO]: Using 4 threads for Netty based IO
[16:50:51] [Server thread/WARN]: [!] The timings profiler has been enabled but has been scheduled for removal from Paper in the future.
    We recommend installing the spark profiler as a replacement: https://spark.lucko.me/
    For more information please visit: https://github.com/PaperMC/Paper/issues/8948
[16:50:51] [Server thread/INFO]: [ChunkTaskScheduler] Chunk system is using 1 I/O threads, 2 worker threads, and gen parallelism of 2 threads
[16:50:51] [Server thread/INFO]: Default game type: ADVENTURE
[16:50:51] [Server thread/INFO]: Generating keypair
[16:50:51] [Server thread/INFO]: Starting Minecraft server on *:25566
[16:50:51] [Server thread/INFO]: Using default channel type
[16:50:52] [Server thread/INFO]: Paper: Using libdeflate (macOS ARM64 / Apple Silicon) compression from Velocity.
[16:50:52] [Server thread/INFO]: Paper: Using native (macOS ARM64 / Apple Silicon) cipher from Velocity.
[16:50:52] [Server thread/INFO]: [PlaceholderAPI] Loading server plugin PlaceholderAPI v2.11.5
[16:50:52] [Server thread/INFO]: [DeluxeHub] Loading server plugin DeluxeHub v3.5.5
[16:50:52] [Server thread/INFO]: [ProtocolLib] Loading server plugin ProtocolLib v5.1.0
[16:50:53] [Server thread/INFO]: [Essentials] Loading server plugin Essentials v2.20.1
[16:50:53] [Server thread/INFO]: [FastAsyncWorldEdit] Loading server plugin FastAsyncWorldEdit v2.8.5-SNAPSHOT-642;a7c5f66
[16:50:53] [Server thread/INFO]: Got request to register class com.sk89q.worldedit.bukkit.BukkitServerInterface with WorldEdit [com.sk89q.worldedit.extension.platform.PlatformManager@44c01499]
[16:50:53] [Server thread/INFO]: [HolographicDisplays] Loading server plugin HolographicDisplays v3.0.3
[16:50:53] [Server thread/INFO]: [TAB] Loading server plugin TAB v4.1.2
[16:50:53] [Server thread/INFO]: [SkinsRestorer] Loading server plugin SkinsRestorer v15.0.6
[16:50:53] [Server thread/INFO]: [MyCommand] Loading server plugin MyCommand v5.7.4
[16:50:53] [Server thread/INFO]: [ServersNPC] Loading server plugin ServersNPC v4.6
[16:50:53] [Server thread/INFO]: [EssentialsSpawn] Loading server plugin EssentialsSpawn v2.20.1
[16:50:53] [Server thread/INFO]: [WorldGuard] Loading server plugin WorldGuard v7.0.9+5934e49
[16:50:53] [Server thread/INFO]: Server permissions file permissions.yml is empty, ignoring it
[16:50:53] [Server thread/INFO]: [ProtocolLib] Enabling ProtocolLib v5.1.0
[16:50:53] [Server thread/INFO]: [FastAsyncWorldEdit] Enabling FastAsyncWorldEdit v2.8.5-SNAPSHOT-642;a7c5f66
[16:50:53] [Server thread/INFO]: [com.fastasyncworldedit.core.Fawe] LZ4 Compression Binding loaded successfully
[16:50:54] [Server thread/INFO]: [com.fastasyncworldedit.core.Fawe] ZSTD Compression Binding loaded successfully
[16:50:54] [Server thread/INFO]: Registering commands with com.sk89q.worldedit.bukkit.BukkitServerInterface
[16:50:54] [Server thread/INFO]: WEPIF: Using the Bukkit Permissions API.
[16:50:54] [Server thread/INFO]: Using com.sk89q.worldedit.bukkit.adapter.impl.fawe.v1_20_R1.PaperweightFaweAdapter as the Bukkit adapter
[16:50:54] [Server thread/INFO]: [SkinsRestorer] Enabling SkinsRestorer v15.0.6
[16:50:54] [Server thread/INFO]: [SkinsRestorer] -------------------------/Warning\-------------------------
[16:50:54] [Server thread/INFO]: [SkinsRestorer] This plugin is running in PROXY mode!
[16:50:54] [Server thread/INFO]: [SkinsRestorer] You have to do all configuration at config file
[16:50:54] [Server thread/INFO]: [SkinsRestorer] inside your BungeeCord/Velocity server.
[16:50:54] [Server thread/INFO]: [SkinsRestorer] (<proxy>/plugins/SkinsRestorer/)
[16:50:54] [Server thread/INFO]: [SkinsRestorer] -------------------------\Warning/-------------------------
[16:50:55] [Server thread/INFO]: [SkinsRestorer] Running on Minecraft 1.20.1.
[16:50:55] [Server thread/WARN]: **** SERVER IS RUNNING IN OFFLINE/INSECURE MODE!
[16:50:55] [Server thread/WARN]: The server will make no attempt to authenticate usernames. Beware.
[16:50:55] [Server thread/WARN]: Whilst this makes it possible to use Velocity, unless access to your server is properly restricted, it also opens up the ability for hackers to connect with any username they choose.
[16:50:55] [Server thread/WARN]: Please see https://docs.papermc.io/velocity/security for further information.
[16:50:55] [Server thread/WARN]: To change this, set "online-mode" to "true" in the server.properties file.
[16:50:55] [Server thread/INFO]: Preparing level "world"
[16:50:55] [Server thread/INFO]: Preparing start region for dimension minecraft:overworld
[16:50:55] [ForkJoinPool.commonPool-worker-1/WARN]: [com.fastasyncworldedit.core.util.UpdateNotification] An update for FastAsyncWorldEdit is available. You are 6 build(s) out of date.
You are running build 642, the latest version is build 648.
Update at https://www.spigotmc.org/resources/13932/
[16:50:55] [Folia Async Scheduler Thread #0/INFO]: [SkinsRestorer] ----------------------------------------------
[16:50:55] [Folia Async Scheduler Thread #0/INFO]: [SkinsRestorer]     +==================+
[16:50:55] [Folia Async Scheduler Thread #0/INFO]: [SkinsRestorer]     |   SkinsRestorer  |
[16:50:55] [Folia Async Scheduler Thread #0/INFO]: [SkinsRestorer]     |------------------|
[16:50:55] [Folia Async Scheduler Thread #0/INFO]: [SkinsRestorer]     |    Proxy Mode    |
[16:50:55] [Folia Async Scheduler Thread #0/INFO]: [SkinsRestorer]     +==================+
[16:50:55] [Folia Async Scheduler Thread #0/INFO]: [SkinsRestorer] ----------------------------------------------
[16:50:55] [Folia Async Scheduler Thread #0/INFO]: [SkinsRestorer]     Version: 15.0.6
[16:50:55] [Folia Async Scheduler Thread #0/INFO]: [SkinsRestorer]     Commit: 3b21903
[16:50:55] [Folia Async Scheduler Thread #0/INFO]: [SkinsRestorer]     This is the latest version!
[16:50:55] [Folia Async Scheduler Thread #0/INFO]: [SkinsRestorer] ----------------------------------------------
[16:50:55] [Server thread/INFO]: Time elapsed: 317 ms
[16:50:55] [Server thread/INFO]: [PlaceholderAPI] Enabling PlaceholderAPI v2.11.5
[16:50:55] [Server thread/INFO]: [PlaceholderAPI] Fetching available expansion information...
[16:50:55] [Server thread/INFO]: [DeluxeHub] Enabling DeluxeHub v3.5.5
[16:50:55] [Server thread/INFO]: [DeluxeHub]  _   _            _          _    _ 
[16:50:55] [Server thread/INFO]: [DeluxeHub] | \ |_ |  | | \/ |_ |_| | | |_)   _)
[16:50:55] [Server thread/INFO]: [DeluxeHub] |_/ |_ |_ |_| /\ |_ | | |_| |_)   _)
[16:50:55] [Server thread/INFO]: [DeluxeHub] 
[16:50:55] [Server thread/INFO]: [DeluxeHub] Version: 3.5.5
[16:50:55] [Server thread/INFO]: [DeluxeHub] Author: ItsLewizzz
[16:50:55] [Server thread/INFO]: [DeluxeHub] 
[16:50:55] [Server thread/INFO]: [DeluxeHub]  Hooked into PlaceholderAPI
[16:50:55] [Server thread/INFO]: [DeluxeHub] Loaded custom menu 'serverselector'.
[16:50:55] [Server thread/INFO]: [NBTAPI] [NBTAPI] Found Spigot: v1_20_R1! Trying to find NMS support
[16:50:55] [Server thread/INFO]: [NBTAPI] [NBTAPI] NMS support 'MC1_20_R1' loaded!
[16:50:55] [Server thread/INFO]: [NBTAPI] [NBTAPI] Using the plugin 'DeluxeHub' to create a bStats instance!
[16:50:55] [Server thread/INFO]: [DeluxeHub] Loaded 17 plugin modules.
[16:50:55] [Server thread/INFO]: [DeluxeHub] 
[16:50:55] [Server thread/INFO]: [DeluxeHub] Successfully loaded in 285ms
[16:50:55] [Server thread/INFO]: [Essentials] Enabling Essentials v2.20.1
[16:50:56] [Server thread/INFO]: [Essentials] Attempting to convert old kits in config.yml to new kits.yml
[16:50:56] [Server thread/INFO]: [Essentials] No kits found to migrate.
[16:50:56] [Server thread/INFO]: [Essentials] Loaded 39094 items from items.json.
[16:50:56] [Server thread/INFO]: [Essentials] Using locale ru_RU
[16:50:56] [Server thread/INFO]: [Essentials] ServerListPingEvent: Spigot iterator API
[16:50:56] [Server thread/INFO]: [Essentials] Starting Metrics. Opt-out using the global bStats config.
[16:50:56] [Server thread/INFO]: [Essentials] Using superperms-based permissions.
[16:50:56] [Server thread/INFO]: [HolographicDisplays] Enabling HolographicDisplays v3.0.3
[16:50:56] [Server thread/INFO]: [TAB] Enabling TAB v4.1.2
[16:50:56] [Server thread/INFO]: [PlaceholderAPI] Successfully registered internal expansion: tab [4.1.2]
[16:50:56] [Server thread/INFO]: [TAB] Enabled in 217ms
[16:50:56] [Server thread/INFO]: [MyCommand] Enabling MyCommand v5.7.4
[16:50:56] [Server thread/INFO]: *-=-=-=-=-=-=-=-=-* MyCommand v.5.7.4*-=-=-=-=-=-=-=-=-=-*
[16:50:56] [Server thread/INFO]: | Vault plugin not found. Using BukkitPermissions
[16:50:56] [Server thread/INFO]: | No Economy support without Vault!
[16:50:56] [Server thread/INFO]: | Command file(s) found : 1
[16:50:56] [Server thread/INFO]: | Config : Ready.
[16:50:56] [Server thread/INFO]: | ProtocolLib found, features availables (SignMenu)
[16:50:56] [Server thread/INFO]: [PlaceholderAPI] Successfully registered internal expansion: mycommand [1.0.0]
[16:50:56] [Server thread/INFO]: | Placeholder_API : Hooked, Ok.
[16:50:56] [Server thread/INFO]: | Custom commands loaded : 44
[16:50:57] [Server thread/INFO]: | You're running the latest version of MyCommand.
[16:50:57] [Server thread/INFO]: |          by emmerrei a.k.a. ivanfromitaly.           
[16:50:57] [Server thread/INFO]: *-=-=-=-=-=-=-=-=-=-*   Done!   *-=-=-=-=-=-=-=-=-=-=-*
[16:50:57] [Server thread/INFO]: [ServersNPC] Enabling ServersNPC v4.6
[16:50:57] [Server thread/INFO]: [EssentialsSpawn] Enabling EssentialsSpawn v2.20.1
[16:50:57] [Server thread/INFO]: [EssentialsSpawn] Starting Metrics. Opt-out using the global bStats config.
[16:50:57] [Server thread/INFO]: [WorldGuard] Enabling WorldGuard v7.0.9+5934e49
[16:50:57] [Server thread/INFO]: [WorldGuard] (world) TNT ignition is PERMITTED.
[16:50:57] [Server thread/INFO]: [WorldGuard] (world) Lighters are PERMITTED.
[16:50:57] [Server thread/INFO]: [WorldGuard] (world) Lava fire is PERMITTED.
[16:50:57] [Server thread/INFO]: [WorldGuard] (world) Fire spread is UNRESTRICTED.
[16:50:57] [Server thread/INFO]: [WorldGuard] Loaded configuration for world 'world'
[16:50:57] [Server thread/INFO]: [WorldGuard] Loading region data...
[16:50:58] [Server thread/INFO]: [PlaceholderAPI] Placeholder expansion registration initializing...
[16:50:58] [Server thread/INFO]: Running delayed init tasks
[16:50:58] [Craft Scheduler Thread - 1 - Essentials/INFO]: [Essentials] Получение информации о версии...
[16:50:58] [Server thread/INFO]: [com.fastasyncworldedit.bukkit.regions.WorldGuardFeature] Plugin 'WorldGuard' found. Using it now.
[16:50:58] [Server thread/INFO]: [com.fastasyncworldedit.bukkit.FaweBukkit] Attempting to use plugin 'WorldGuard'
[16:50:58] [Server thread/INFO]: 0 placeholder hook(s) registered!
[16:50:58] [Server thread/INFO]: Done (7.140s)! For help, type "help"
[16:50:58] [Server thread/INFO]: Timings Reset
[16:50:58] [Server thread/INFO]: [HolographicDisplays] Found a new version available: v3.0.4
[16:50:58] [Server thread/INFO]: [HolographicDisplays] Download it on Bukkit Dev:
[16:50:58] [Server thread/INFO]: [HolographicDisplays] https://dev.bukkit.org/projects/holographic-displays
[16:51:02] [User Authenticator #0/INFO]: UUID of player seymour_og is 6c793cca-0923-3807-a4e9-02798154b98c
[16:51:02] [Server thread/INFO]: + seymour_og Connected
[16:51:02] [Server thread/INFO]: seymour_og[/127.0.0.1:57109] logged in with entity id 25 at ([world]-433.62750355261085, 136.0, -217.15245307666018)
[16:51:44] [Server thread/INFO]: seymour_og issued server command: /gm 1
[16:51:44] [Server thread/INFO]: seymour_og issued mycmd (gamemode_alias) command /gm 1
[16:51:44] [Server thread/INFO]: seymour_og issued server command: /gamemode 1
[16:54:11] [Server thread/INFO]: seymour_og issued server command: /znpcs Valhalla
[16:54:19] [Server thread/INFO]: seymour_og issued server command: /znpcs create Valhalla
[16:54:23] [Server thread/INFO]: seymour_og issued server command: /znpcs create
[16:54:49] [Server thread/INFO]: seymour_og issued server command: /znpcs create 0 PLAYER Valhalla
[16:57:57] [Server thread/INFO]: seymour_og issued server command: /papi ecloud download Bungee
[16:57:57] [placeholderapi-io-#1/INFO]: [PlaceholderAPI] Fetching available expansion information...
[16:58:04] [Server thread/INFO]: seymour_og issued server command: /papi reload
[16:58:04] [Server thread/INFO]: [PlaceholderAPI] Placeholder expansion registration initializing...
[16:58:04] [Server thread/INFO]: [PlaceholderAPI] Fetching available expansion information...
[16:58:04] [Server thread/INFO]: [PlaceholderAPI] Successfully registered external expansion: bungee [2.3]
[16:59:19] [Server thread/INFO]: seymour_og issued server command: /znpcs lines 0 &bValhalla %bungee_valhalla%
[16:59:58] [Server thread/INFO]: seymour_og issued server command: /znpcs lines 0 &bValhalla &7[%bungee_valhalla%/64]
[17:00:26] [Server thread/INFO]: seymour_og issued server command: /papi reload
[17:00:26] [Server thread/INFO]: [PlaceholderAPI] Placeholder expansion registration initializing...
[17:00:26] [Server thread/INFO]: [PlaceholderAPI] Fetching available expansion information...
[17:00:26] [Server thread/INFO]: [PlaceholderAPI] Successfully registered external expansion: bungee [2.3]
[17:00:33] [Server thread/INFO]: seymour_og issued server command: /plugins
[17:00:48] [Server thread/INFO]: seymour_og issued server command: /znpcs lines 0 &bValhalla &7[%bungee_valhalla%/64]
[17:00:57] [Server thread/INFO]: seymour_og issued server command: /znpcs lines 0 &2Valhalla &7[%bungee_valhalla%/64]
[17:00:59] [Server thread/INFO]: seymour_og issued server command: /znpcs lines 0 &bValhalla &7[%bungee_valhalla%/64]
[17:01:02] [Server thread/INFO]: seymour_og issued server command: /znpcs lines 0 &bValhalla &7[%bungee_valhalla%/64]
[17:02:50] [Server thread/INFO]: seymour_og issued server command: /znpcs skin 0 https://s.namemc.com/i/1f7e3bb3cb364bc7.png
[17:04:06] [Server thread/INFO]: seymour_og issued server command: /znpcs action add 0 SERVER valhalla
[17:04:34] [Server thread/INFO]: seymour_og issued server command: /znpcs action add 0 SERVER valhalla
[17:04:45] [Server thread/INFO]: seymour_og issued server command: /znpcs action add 1 SERVER valhalla
[17:04:56] [Server thread/INFO]: seymour_og issued server command: /znpcs action
[17:05:07] [Server thread/INFO]: seymour_og issued server command: /znpcs action add 0 SERVER valhalla
[17:05:26] [Server thread/INFO]: seymour_og issued server command: /znpcs action add 0 SERVER valhalla
[17:05:34] [Server thread/INFO]: seymour_og issued server command: /znpcs action add 0 CMD /server valhalla
[17:05:39] [Server thread/INFO]: seymour_og issued server command: /znpcs action add 0 CMD server valhalla
[17:06:04] [Server thread/INFO]: seymour_og issued server command: /znpcs action add 0 SERVER valhalla
[17:06:39] [Server thread/INFO]: seymour_og issued server command: /spawn
[17:07:25] [Server thread/INFO]: seymour_og issued server command: /znpcs:znpcs action add 0 SERVER valhalla
[17:07:32] [Server thread/INFO]: seymour_og issued server command: /znpcs:znpcs action add Valhalla SERVER valhalla
[17:07:41] [Server thread/INFO]: seymour_og issued server command: /znpcs:znpcs action add
[17:07:53] [Server thread/INFO]: seymour_og issued server command: /znpcs seymour_og
[17:07:58] [Server thread/INFO]: seymour_og issued server command: /znpcs action
[17:08:02] [Server thread/INFO]: seymour_og issued server command: /znpcs help
[17:08:06] [Server thread/INFO]: seymour_og issued server command: /znpcs:znpcs
[17:08:27] [Server thread/INFO]: seymour_og issued server command: /znpcs:znpcs action add
[17:08:33] [Server thread/INFO]: seymour_og issued server command: /znpcs:znpcs action add 0
[17:09:35] [Server thread/INFO]: seymour_og issued server command: /znpcs lines 0 set &bValhalla &7[%bungee_valhalla%/64]
[17:09:42] [Server thread/INFO]: seymour_og issued server command: /znpcs:znpcs
[17:10:24] [Server thread/INFO]: seymour_og issued server command: /znpcs action 0 add SERVER valhalla
[17:11:21] [Server thread/INFO]: seymour_og lost connection: Disconnected
[17:11:21] [Server thread/INFO]: - seymour_og Disconnected
[17:11:51] [User Authenticator #1/INFO]: UUID of player seymour_og is 6c793cca-0923-3807-a4e9-02798154b98c
[17:11:51] [Server thread/INFO]: + seymour_og Connected
[17:11:51] [Server thread/INFO]: seymour_og[/127.0.0.1:58387] logged in with entity id 25092 at ([world]-429.44130013994953, 136.5, -200.9196061578268)
[17:26:32] [Server thread/INFO]: seymour_og issued server command: /plugins
[17:32:22] [Server thread/INFO]: seymour_og issued server command: /deluxehub restart
[17:32:28] [Server thread/INFO]: seymour_og issued server command: /deluxehub reload
[17:32:28] [Server thread/INFO]: [DeluxeHub] Loaded custom menu 'serverselector'.
[17:32:28] [Server thread/INFO]: [DeluxeHub] Loaded 17 plugin modules.
[17:32:51] [Server thread/INFO]: seymour_og issued server command: /deluxehub reload
[17:32:51] [Server thread/INFO]: [DeluxeHub] Loaded custom menu 'serverselector'.
[17:32:51] [Server thread/INFO]: [DeluxeHub] Loaded 17 plugin modules.
[17:33:47] [Server thread/INFO]: seymour_og issued server command: /deluxehub reload
[17:33:47] [Server thread/INFO]: [DeluxeHub] Loaded custom menu 'serverselector'.
[17:33:47] [Server thread/INFO]: [DeluxeHub] Loaded 17 plugin modules.
[17:34:52] [Server thread/INFO]: seymour_og issued server command: /deluxehub reload
[17:34:52] [Server thread/INFO]: [DeluxeHub] Loaded custom menu 'serverselector'.
[17:34:52] [Server thread/INFO]: [DeluxeHub] Loaded 17 plugin modules.
[17:35:52] [Server thread/INFO]: seymour_og issued server command: /deluxehub reload
[17:35:52] [Server thread/INFO]: [DeluxeHub] Loaded custom menu 'serverselector'.
[17:35:52] [Server thread/INFO]: [DeluxeHub] Loaded 17 plugin modules.
[17:37:22] [Server thread/INFO]: seymour_og issued server command: /deluxehub reload
[17:37:22] [Server thread/INFO]: [DeluxeHub] Loaded custom menu 'serverselector'.
[17:37:22] [Server thread/INFO]: [DeluxeHub] Loaded 17 plugin modules.
[17:37:40] [Server thread/INFO]: seymour_og issued server command: /deluxehub reload
[17:37:40] [Server thread/INFO]: [DeluxeHub] Loaded custom menu 'serverselector'.
[17:37:40] [Server thread/INFO]: [DeluxeHub] Loaded 17 plugin modules.
[17:40:27] [Server thread/INFO]: seymour_og lost connection: Disconnected
[17:40:27] [Server thread/INFO]: - seymour_og Disconnected
[17:40:29] [User Authenticator #2/INFO]: UUID of player seymour_og is 6c793cca-0923-3807-a4e9-02798154b98c
[17:40:29] [Server thread/INFO]: + seymour_og Connected
[17:40:29] [Server thread/INFO]: seymour_og[/127.0.0.1:59822] logged in with entity id 61626 at ([world]-439.6376186246283, 136.0, -213.2681440966489)
[17:41:07] [Server thread/INFO]: seymour_og issued server command: /lobby
[17:41:14] [Server thread/INFO]: seymour_og issued server command: /spawn
[17:41:19] [Server thread/INFO]: seymour_og issued server command: /setlobby
[17:41:22] [Server thread/INFO]: seymour_og issued server command: /lobby
[17:41:25] [Server thread/INFO]: seymour_og lost connection: Disconnected
[17:41:25] [Server thread/INFO]: - seymour_og Disconnected
[17:41:26] [User Authenticator #2/INFO]: UUID of player seymour_og is 6c793cca-0923-3807-a4e9-02798154b98c
[17:41:26] [Server thread/INFO]: + seymour_og Connected
[17:41:26] [Server thread/INFO]: seymour_og[/127.0.0.1:59874] logged in with entity id 62972 at ([world]-429.5, 136.0, -215.5)
[17:46:04] [Server thread/INFO]: seymour_og lost connection: Disconnected
[17:46:04] [Server thread/INFO]: - seymour_og Disconnected
[17:46:15] [User Authenticator #3/INFO]: UUID of player seymour_og is 6c793cca-0923-3807-a4e9-02798154b98c
[17:46:16] [Server thread/INFO]: + seymour_og Connected
[17:46:16] [Server thread/INFO]: seymour_og[/127.0.0.1:60159] logged in with entity id 70048 at ([world]-429.5, 136.0, -215.5)
[17:46:20] [Server thread/INFO]: seymour_og lost connection: Disconnected
[17:46:21] [Server thread/INFO]: - seymour_og Disconnected
[17:46:31] [User Authenticator #3/INFO]: UUID of player seymour_og is 6c793cca-0923-3807-a4e9-02798154b98c
[17:46:31] [Server thread/INFO]: + seymour_og Connected
[17:46:31] [Server thread/INFO]: seymour_og[/127.0.0.1:60166] logged in with entity id 70170 at ([world]-429.5, 136.0, -215.5)
[17:48:14] [Server thread/INFO]: seymour_og lost connection: Disconnected
[17:48:14] [Server thread/INFO]: - seymour_og Disconnected
[17:48:19] [User Authenticator #4/INFO]: UUID of player seymour_og is 6c793cca-0923-3807-a4e9-02798154b98c
[17:48:19] [Server thread/INFO]: + seymour_og Connected
[17:48:20] [Server thread/INFO]: seymour_og[/127.0.0.1:60242] logged in with entity id 71981 at ([world]-429.5, 136.0, -215.5)
[17:48:22] [Server thread/INFO]: seymour_og lost connection: Disconnected
[17:48:22] [Server thread/INFO]: - seymour_og Disconnected
